Bringing machine 'default' up with 'virtualbox' provider...
==> default: Importing base box 'centos/7'...
[KProgress: 20%[KProgress: 40%[KProgress: 70%[KProgress: 90%[K==> default: Matching MAC address for NAT networking...
==> default: Checking if box 'centos/7' version '2004.01' is up to date...
==> default: Setting the name of the VM: paths-with-spaces_default_1629085760493_21495
==> default: Fixed port collision for 22 => 2222. Now on port 2201.
==> default: Clearing any previously set network interfaces...
==> default: Preparing network interfaces based on configuration...
    default: Adapter 1: nat
==> default: Forwarding ports...
    default: 22 (guest) => 2201 (host) (adapter 1)
==> default: Booting VM...
==> default: Waiting for machine to boot. This may take a few minutes...
    default: SSH address: 127.0.0.1:2201
    default: SSH username: vagrant
    default: SSH auth method: private key
    default: 
    default: Vagrant insecure key detected. Vagrant will automatically replace
    default: this with a newly generated keypair for better security.
    default: 
    default: Inserting generated public key within guest...
    default: Removing insecure key from the guest if it's present...
    default: Key inserted! Disconnecting and reconnecting using new SSH key...
==> default: Machine booted and ready!
==> default: Checking for guest additions in VM...
    default: No guest additions were detected on the base box for this VM! Guest
    default: additions are required for forwarded ports, shared folders, host only
    default: networking, and more. If SSH fails on this machine, please install
    default: the guest additions and repackage the box to continue.
    default: 
    default: This is not an error message; everything may continue to work properly,
    default: in which case you may ignore this message.
==> default: Rsyncing folder: /home/brlin/workarounds/paths-with-spaces/ => /vagrant
There was an error when attempting to rsync a synced folder.
Please inspect the error message below for more info.

Host path: /home/brlin/workarounds/paths-with-spaces/
Guest path: /vagrant
Command: "rsync" "--verbose" "--archive" "--delete" "-z" "--copy-links" "--no-owner" "--no-group" "--rsync-path" "sudo rsync" "-e" "ssh -p 2201 -o LogLevel=FATAL   -o ControlMaster=auto -o ControlPath=/tmp/vagrant-rsync-20210816-1103231-1gvunyq -o ControlPersist=10m  -o IdentitiesOnly=yes -o StrictHostKeyChecking=no -o UserKnownHostsFile=/dev/null -i '/home/brlin/workarounds/paths-with-spaces/.vagrant/machines/default/virtualbox/private_key'" "--exclude" ".vagrant/" "/home/brlin/workarounds/paths-with-spaces/" "vagrant@127.0.0.1:/vagrant"
Error: rsync: [sender] readlink_stat("/home/brlin/workarounds/paths-with-spaces/project-dir/project-dir/project-dir/project-dir/project-dir/project-dir/project-dir/project-dir/project-dir/project-dir/project-dir/project-dir/project-dir/project-dir/project-dir/project-dir/project-dir/project-dir/project-dir/project-dir/project-dir/project-dir/project-dir/project-dir/project-dir/project-dir/project-dir/project-dir/project-dir/project-dir/project-dir/project-dir/project-dir/project-dir/project-dir/project-dir/project-dir/project-dir/project-dir/project-dir/project-dir") failed: Too many levels of symbolic links (40)
rsync error: some files/attrs were not transferred (see previous errors) (code 23) at main.c(1330) [sender=3.2.3]
