Bringing machine 'default' up with 'virtualbox' provider...
==> default: Importing base box 'centos/7'...
[KProgress: 20%[KProgress: 40%[KProgress: 70%[KProgress: 90%[K==> default: Matching MAC address for NAT networking...
==> default: Checking if box 'centos/7' version '2004.01' is up to date...
==> default: Setting the name of the VM: vagrantsymbolicerrorreproduction_default_1629085056481_621
==> default: Fixed port collision for 22 => 2222. Now on port 2201.
==> default: Clearing any previously set network interfaces...
==> default: Preparing network interfaces based on configuration...
    default: Adapter 1: nat
==> default: Forwarding ports...
    default: 22 (guest) => 2201 (host) (adapter 1)
==> default: Booting VM...
==> default: Waiting for machine to boot. This may take a few minutes...
    default: SSH address: 127.0.0.1:2201
    default: SSH username: vagrant
    default: SSH auth method: private key
    default: 
    default: Vagrant insecure key detected. Vagrant will automatically replace
    default: this with a newly generated keypair for better security.
    default: 
    default: Inserting generated public key within guest...
    default: Removing insecure key from the guest if it's present...
    default: Key inserted! Disconnecting and reconnecting using new SSH key...
==> default: Machine booted and ready!
==> default: Checking for guest additions in VM...
    default: No guest additions were detected on the base box for this VM! Guest
    default: additions are required for forwarded ports, shared folders, host only
    default: networking, and more. If SSH fails on this machine, please install
    default: the guest additions and repackage the box to continue.
    default: 
    default: This is not an error message; everything may continue to work properly,
    default: in which case you may ignore this message.
==> default: Rsyncing folder: /home/brlin/æ–‡ä»¶/å·¥ä½œç©ºé–“/ä¸­ä¿¡å®‰ç§‘æŠ€/è§£æ±ºæ–¹æ¡ˆ Solutions/æ–°æœå‹™å™¨æº–å‚™ Server provisioning/vagrant symbolic error reproduction/ => /vagrant
==> default: Attempting graceful shutdown of VM...
==> default: Destroying VM and associated drives...
/opt/vagrant/embedded/gems/2.2.18/gems/i18n-1.8.10/lib/i18n/interpolate/ruby.rb:23:in `gsub': incompatible character encodings: UTF-8 and ASCII-8BIT (Encoding::CompatibilityError)
	from /opt/vagrant/embedded/gems/2.2.18/gems/i18n-1.8.10/lib/i18n/interpolate/ruby.rb:23:in `interpolate_hash'
	from /opt/vagrant/embedded/gems/2.2.18/gems/i18n-1.8.10/lib/i18n/interpolate/ruby.rb:19:in `interpolate'
	from /opt/vagrant/embedded/gems/2.2.18/gems/i18n-1.8.10/lib/i18n/backend/base.rb:188:in `interpolate'
	from /opt/vagrant/embedded/gems/2.2.18/gems/i18n-1.8.10/lib/i18n/backend/base.rb:61:in `translate'
	from /opt/vagrant/embedded/gems/2.2.18/gems/i18n-1.8.10/lib/i18n.rb:207:in `block in translate'
	from /opt/vagrant/embedded/gems/2.2.18/gems/i18n-1.8.10/lib/i18n.rb:203:in `catch'
	from /opt/vagrant/embedded/gems/2.2.18/gems/i18n-1.8.10/lib/i18n.rb:203:in `translate'
	from /opt/vagrant/embedded/gems/2.2.18/gems/vagrant-2.2.18/lib/vagrant/errors.rb:103:in `translate_error'
	from /opt/vagrant/embedded/gems/2.2.18/gems/vagrant-2.2.18/lib/vagrant/errors.rb:72:in `initialize'
	from /opt/vagrant/embedded/gems/2.2.18/gems/vagrant-2.2.18/plugins/synced_folders/rsync/helper.rb:223:in `exception'
	from /opt/vagrant/embedded/gems/2.2.18/gems/vagrant-2.2.18/plugins/synced_folders/rsync/helper.rb:223:in `raise'
	from /opt/vagrant/embedded/gems/2.2.18/gems/vagrant-2.2.18/plugins/synced_folders/rsync/helper.rb:223:in `rsync_single'
	from /opt/vagrant/embedded/gems/2.2.18/gems/vagrant-2.2.18/plugins/synced_folders/rsync/synced_folder.rb:48:in `block in enable'
	from /opt/vagrant/embedded/gems/2.2.18/gems/vagrant-2.2.18/plugins/synced_folders/rsync/synced_folder.rb:47:in `each'
	from /opt/vagrant/embedded/gems/2.2.18/gems/vagrant-2.2.18/plugins/synced_folders/rsync/synced_folder.rb:47:in `enable'
	from /opt/vagrant/embedded/gems/2.2.18/gems/vagrant-2.2.18/lib/vagrant/action/builtin/synced_folders.rb:93:in `block in call'
	from /opt/vagrant/embedded/gems/2.2.18/gems/vagrant-2.2.18/lib/vagrant/action/builtin/synced_folders.rb:90:in `each'
	from /opt/vagrant/embedded/gems/2.2.18/gems/vagrant-2.2.18/lib/vagrant/action/builtin/synced_folders.rb:90:in `call'
	from /opt/vagrant/embedded/gems/2.2.18/gems/vagrant-2.2.18/lib/vagrant/action/warden.rb:48:in `call'
	from /opt/vagrant/embedded/gems/2.2.18/gems/vagrant-2.2.18/lib/vagrant/action/builtin/delayed.rb:19:in `call'
	from /opt/vagrant/embedded/gems/2.2.18/gems/vagrant-2.2.18/lib/vagrant/action/warden.rb:48:in `call'
	from /opt/vagrant/embedded/gems/2.2.18/gems/vagrant-2.2.18/lib/vagrant/action/builtin/synced_folder_cleanup.rb:28:in `call'
	from /opt/vagrant/embedded/gems/2.2.18/gems/vagrant-2.2.18/lib/vagrant/action/warden.rb:48:in `call'
	from /opt/vagrant/embedded/gems/2.2.18/gems/vagrant-2.2.18/plugins/synced_folders/nfs/action_cleanup.rb:25:in `call'
	from /opt/vagrant/embedded/gems/2.2.18/gems/vagrant-2.2.18/lib/vagrant/action/warden.rb:48:in `call'
	from /opt/vagrant/embedded/gems/2.2.18/gems/vagrant-2.2.18/plugins/providers/virtualbox/action/prepare_nfs_valid_ids.rb:12:in `call'
	from /opt/vagrant/embedded/gems/2.2.18/gems/vagrant-2.2.18/lib/vagrant/action/warden.rb:48:in `call'
	from /opt/vagrant/embedded/gems/2.2.18/gems/vagrant-2.2.18/lib/vagrant/action/builtin/handle_forwarded_port_collisions.rb:52:in `call'
	from /opt/vagrant/embedded/gems/2.2.18/gems/vagrant-2.2.18/lib/vagrant/action/warden.rb:48:in `call'
	from /opt/vagrant/embedded/gems/2.2.18/gems/vagrant-2.2.18/plugins/providers/virtualbox/action/prepare_forwarded_port_collision_params.rb:30:in `call'
	from /opt/vagrant/embedded/gems/2.2.18/gems/vagrant-2.2.18/lib/vagrant/action/warden.rb:48:in `call'
	from /opt/vagrant/embedded/gems/2.2.18/gems/vagrant-2.2.18/lib/vagrant/action/builtin/env_set.rb:19:in `call'
	from /opt/vagrant/embedded/gems/2.2.18/gems/vagrant-2.2.18/lib/vagrant/action/warden.rb:48:in `call'
	from /opt/vagrant/embedded/gems/2.2.18/gems/vagrant-2.2.18/lib/vagrant/action/builtin/provision.rb:80:in `call'
	from /opt/vagrant/embedded/gems/2.2.18/gems/vagrant-2.2.18/lib/vagrant/action/warden.rb:48:in `call'
	from /opt/vagrant/embedded/gems/2.2.18/gems/vagrant-2.2.18/plugins/providers/virtualbox/action/clear_forwarded_ports.rb:15:in `call'
	from /opt/vagrant/embedded/gems/2.2.18/gems/vagrant-2.2.18/lib/vagrant/action/warden.rb:48:in `call'
	from /opt/vagrant/embedded/gems/2.2.18/gems/vagrant-2.2.18/plugins/providers/virtualbox/action/set_name.rb:50:in `call'
	from /opt/vagrant/embedded/gems/2.2.18/gems/vagrant-2.2.18/lib/vagrant/action/warden.rb:48:in `call'
	from /opt/vagrant/embedded/gems/2.2.18/gems/vagrant-2.2.18/plugins/providers/virtualbox/action/clean_machine_folder.rb:26:in `call'
	from /opt/vagrant/embedded/gems/2.2.18/gems/vagrant-2.2.18/lib/vagrant/action/warden.rb:48:in `call'
	from /opt/vagrant/embedded/gems/2.2.18/gems/vagrant-2.2.18/plugins/providers/virtualbox/action/check_accessible.rb:18:in `call'
	from /opt/vagrant/embedded/gems/2.2.18/gems/vagrant-2.2.18/lib/vagrant/action/warden.rb:48:in `call'
	from /opt/vagrant/embedded/gems/2.2.18/gems/vagrant-2.2.18/lib/vagrant/action/warden.rb:127:in `block in finalize_action'
	from /opt/vagrant/embedded/gems/2.2.18/gems/vagrant-2.2.18/lib/vagrant/action/warden.rb:48:in `call'
	from /opt/vagrant/embedded/gems/2.2.18/gems/vagrant-2.2.18/lib/vagrant/action/builder.rb:149:in `call'
	from /opt/vagrant/embedded/gems/2.2.18/gems/vagrant-2.2.18/lib/vagrant/action/runner.rb:89:in `block in run'
	from /opt/vagrant/embedded/gems/2.2.18/gems/vagrant-2.2.18/lib/vagrant/util/busy.rb:19:in `busy'
	from /opt/vagrant/embedded/gems/2.2.18/gems/vagrant-2.2.18/lib/vagrant/action/runner.rb:89:in `run'
	from /opt/vagrant/embedded/gems/2.2.18/gems/vagrant-2.2.18/lib/vagrant/action/builtin/call.rb:53:in `call'
	from /opt/vagrant/embedded/gems/2.2.18/gems/vagrant-2.2.18/lib/vagrant/action/warden.rb:48:in `call'
	from /opt/vagrant/embedded/gems/2.2.18/gems/vagrant-2.2.18/lib/vagrant/action/warden.rb:127:in `block in finalize_action'
	from /opt/vagrant/embedded/gems/2.2.18/gems/vagrant-2.2.18/lib/vagrant/action/warden.rb:48:in `call'
	from /opt/vagrant/embedded/gems/2.2.18/gems/vagrant-2.2.18/lib/vagrant/action/builder.rb:149:in `call'
	from /opt/vagrant/embedded/gems/2.2.18/gems/vagrant-2.2.18/lib/vagrant/action/runner.rb:89:in `block in run'
	from /opt/vagrant/embedded/gems/2.2.18/gems/vagrant-2.2.18/lib/vagrant/util/busy.rb:19:in `busy'
	from /opt/vagrant/embedded/gems/2.2.18/gems/vagrant-2.2.18/lib/vagrant/action/runner.rb:89:in `run'
	from /opt/vagrant/embedded/gems/2.2.18/gems/vagrant-2.2.18/lib/vagrant/action/builtin/call.rb:53:in `call'
	from /opt/vagrant/embedded/gems/2.2.18/gems/vagrant-2.2.18/lib/vagrant/action/warden.rb:48:in `call'
	from /opt/vagrant/embedded/gems/2.2.18/gems/vagrant-2.2.18/lib/vagrant/action/warden.rb:127:in `block in finalize_action'
	from /opt/vagrant/embedded/gems/2.2.18/gems/vagrant-2.2.18/lib/vagrant/action/warden.rb:48:in `call'
	from /opt/vagrant/embedded/gems/2.2.18/gems/vagrant-2.2.18/lib/vagrant/action/builder.rb:149:in `call'
	from /opt/vagrant/embedded/gems/2.2.18/gems/vagrant-2.2.18/lib/vagrant/action/runner.rb:89:in `block in run'
	from /opt/vagrant/embedded/gems/2.2.18/gems/vagrant-2.2.18/lib/vagrant/util/busy.rb:19:in `busy'
	from /opt/vagrant/embedded/gems/2.2.18/gems/vagrant-2.2.18/lib/vagrant/action/runner.rb:89:in `run'
	from /opt/vagrant/embedded/gems/2.2.18/gems/vagrant-2.2.18/lib/vagrant/action/builtin/call.rb:53:in `call'
	from /opt/vagrant/embedded/gems/2.2.18/gems/vagrant-2.2.18/lib/vagrant/action/warden.rb:48:in `call'
	from /opt/vagrant/embedded/gems/2.2.18/gems/vagrant-2.2.18/lib/vagrant/action/builtin/box_check_outdated.rb:93:in `call'
	from /opt/vagrant/embedded/gems/2.2.18/gems/vagrant-2.2.18/lib/vagrant/action/warden.rb:48:in `call'
	from /opt/vagrant/embedded/gems/2.2.18/gems/vagrant-2.2.18/lib/vagrant/action/builtin/config_validate.rb:25:in `call'
	from /opt/vagrant/embedded/gems/2.2.18/gems/vagrant-2.2.18/lib/vagrant/action/warden.rb:48:in `call'
	from /opt/vagrant/embedded/gems/2.2.18/gems/vagrant-2.2.18/plugins/providers/virtualbox/action/check_virtualbox.rb:26:in `call'
	from /opt/vagrant/embedded/gems/2.2.18/gems/vagrant-2.2.18/lib/vagrant/action/warden.rb:48:in `call'
	from /opt/vagrant/embedded/gems/2.2.18/gems/vagrant-2.2.18/lib/vagrant/action/builtin/env_set.rb:19:in `call'
	from /opt/vagrant/embedded/gems/2.2.18/gems/vagrant-2.2.18/lib/vagrant/action/warden.rb:48:in `call'
	from /opt/vagrant/embedded/gems/2.2.18/gems/vagrant-2.2.18/lib/vagrant/action/warden.rb:127:in `block in finalize_action'
	from /opt/vagrant/embedded/gems/2.2.18/gems/vagrant-2.2.18/lib/vagrant/action/warden.rb:48:in `call'
	from /opt/vagrant/embedded/gems/2.2.18/gems/vagrant-2.2.18/plugins/providers/virtualbox/action/match_mac_address.rb:22:in `call'
	from /opt/vagrant/embedded/gems/2.2.18/gems/vagrant-2.2.18/lib/vagrant/action/warden.rb:48:in `call'
	from /opt/vagrant/embedded/gems/2.2.18/gems/vagrant-2.2.18/plugins/providers/virtualbox/action/discard_state.rb:15:in `call'
	from /opt/vagrant/embedded/gems/2.2.18/gems/vagrant-2.2.18/lib/vagrant/action/warden.rb:48:in `call'
	from /opt/vagrant/embedded/gems/2.2.18/gems/vagrant-2.2.18/plugins/providers/virtualbox/action/import.rb:78:in `import'
	from /opt/vagrant/embedded/gems/2.2.18/gems/vagrant-2.2.18/plugins/providers/virtualbox/action/import.rb:13:in `call'
	from /opt/vagrant/embedded/gems/2.2.18/gems/vagrant-2.2.18/lib/vagrant/action/warden.rb:48:in `call'
	from /opt/vagrant/embedded/gems/2.2.18/gems/vagrant-2.2.18/plugins/providers/virtualbox/action/prepare_clone_snapshot.rb:17:in `call'
	from /opt/vagrant/embedded/gems/2.2.18/gems/vagrant-2.2.18/lib/vagrant/action/warden.rb:48:in `call'
	from /opt/vagrant/embedded/gems/2.2.18/gems/vagrant-2.2.18/lib/vagrant/action/builtin/prepare_clone.rb:15:in `call'
	from /opt/vagrant/embedded/gems/2.2.18/gems/vagrant-2.2.18/lib/vagrant/action/warden.rb:48:in `call'
	from /opt/vagrant/embedded/gems/2.2.18/gems/vagrant-2.2.18/plugins/providers/virtualbox/action/customize.rb:40:in `call'
	from /opt/vagrant/embedded/gems/2.2.18/gems/vagrant-2.2.18/lib/vagrant/action/warden.rb:48:in `call'
	from /opt/vagrant/embedded/gems/2.2.18/gems/vagrant-2.2.18/plugins/providers/virtualbox/action/check_accessible.rb:18:in `call'
	from /opt/vagrant/embedded/gems/2.2.18/gems/vagrant-2.2.18/lib/vagrant/action/warden.rb:48:in `call'
	from /opt/vagrant/embedded/gems/2.2.18/gems/vagrant-2.2.18/lib/vagrant/action/warden.rb:127:in `block in finalize_action'
	from /opt/vagrant/embedded/gems/2.2.18/gems/vagrant-2.2.18/lib/vagrant/action/warden.rb:48:in `call'
	from /opt/vagrant/embedded/gems/2.2.18/gems/vagrant-2.2.18/lib/vagrant/action/builder.rb:149:in `call'
	from /opt/vagrant/embedded/gems/2.2.18/gems/vagrant-2.2.18/lib/vagrant/action/runner.rb:89:in `block in run'
	from /opt/vagrant/embedded/gems/2.2.18/gems/vagrant-2.2.18/lib/vagrant/util/busy.rb:19:in `busy'
	from /opt/vagrant/embedded/gems/2.2.18/gems/vagrant-2.2.18/lib/vagrant/action/runner.rb:89:in `run'
	from /opt/vagrant/embedded/gems/2.2.18/gems/vagrant-2.2.18/lib/vagrant/action/builtin/call.rb:53:in `call'
	from /opt/vagrant/embedded/gems/2.2.18/gems/vagrant-2.2.18/lib/vagrant/action/warden.rb:48:in `call'
	from /opt/vagrant/embedded/gems/2.2.18/gems/vagrant-2.2.18/lib/vagrant/action/builtin/config_validate.rb:25:in `call'
	from /opt/vagrant/embedded/gems/2.2.18/gems/vagrant-2.2.18/lib/vagrant/action/warden.rb:48:in `call'
	from /opt/vagrant/embedded/gems/2.2.18/gems/vagrant-2.2.18/lib/vagrant/action/warden.rb:127:in `block in finalize_action'
	from /opt/vagrant/embedded/gems/2.2.18/gems/vagrant-2.2.18/lib/vagrant/action/warden.rb:48:in `call'
	from /opt/vagrant/embedded/gems/2.2.18/gems/vagrant-2.2.18/lib/vagrant/action/builtin/handle_box.rb:56:in `call'
	from /opt/vagrant/embedded/gems/2.2.18/gems/vagrant-2.2.18/lib/vagrant/action/warden.rb:48:in `call'
	from /opt/vagrant/embedded/gems/2.2.18/gems/vagrant-2.2.18/lib/vagrant/action/warden.rb:127:in `block in finalize_action'
	from /opt/vagrant/embedded/gems/2.2.18/gems/vagrant-2.2.18/lib/vagrant/action/warden.rb:48:in `call'
	from /opt/vagrant/embedded/gems/2.2.18/gems/vagrant-2.2.18/lib/vagrant/action/builder.rb:149:in `call'
	from /opt/vagrant/embedded/gems/2.2.18/gems/vagrant-2.2.18/lib/vagrant/action/runner.rb:89:in `block in run'
	from /opt/vagrant/embedded/gems/2.2.18/gems/vagrant-2.2.18/lib/vagrant/util/busy.rb:19:in `busy'
	from /opt/vagrant/embedded/gems/2.2.18/gems/vagrant-2.2.18/lib/vagrant/action/runner.rb:89:in `run'
	from /opt/vagrant/embedded/gems/2.2.18/gems/vagrant-2.2.18/lib/vagrant/action/builtin/call.rb:53:in `call'
	from /opt/vagrant/embedded/gems/2.2.18/gems/vagrant-2.2.18/lib/vagrant/action/warden.rb:48:in `call'
	from /opt/vagrant/embedded/gems/2.2.18/gems/vagrant-2.2.18/plugins/providers/virtualbox/action/check_virtualbox.rb:26:in `call'
	from /opt/vagrant/embedded/gems/2.2.18/gems/vagrant-2.2.18/lib/vagrant/action/warden.rb:48:in `call'
	from /opt/vagrant/embedded/gems/2.2.18/gems/vagrant-2.2.18/lib/vagrant/action/builder.rb:149:in `call'
	from /opt/vagrant/embedded/gems/2.2.18/gems/vagrant-2.2.18/lib/vagrant/action/runner.rb:89:in `block in run'
	from /opt/vagrant/embedded/gems/2.2.18/gems/vagrant-2.2.18/lib/vagrant/util/busy.rb:19:in `busy'
	from /opt/vagrant/embedded/gems/2.2.18/gems/vagrant-2.2.18/lib/vagrant/action/runner.rb:89:in `run'
	from /opt/vagrant/embedded/gems/2.2.18/gems/vagrant-2.2.18/lib/vagrant/machine.rb:246:in `action_raw'
	from /opt/vagrant/embedded/gems/2.2.18/gems/vagrant-2.2.18/lib/vagrant/machine.rb:215:in `block in action'
	from /opt/vagrant/embedded/gems/2.2.18/gems/vagrant-2.2.18/lib/vagrant/environment.rb:614:in `lock'
	from /opt/vagrant/embedded/gems/2.2.18/gems/vagrant-2.2.18/lib/vagrant/machine.rb:201:in `call'
	from /opt/vagrant/embedded/gems/2.2.18/gems/vagrant-2.2.18/lib/vagrant/machine.rb:201:in `action'
	from /opt/vagrant/embedded/gems/2.2.18/gems/vagrant-2.2.18/lib/vagrant/batch_action.rb:86:in `block (2 levels) in run'
